warning: source 'include' is not a readable file or directory... skipping.
warning: Specified markdown mainpage './README.md' does not exist
/Users/riccardo.reho/personalcodes/LetzElPhC/src/dvloc/dVbare_loc.c:32: warning: Found unknown command '\frac'
/Users/riccardo.reho/personalcodes/LetzElPhC/src/dvloc/dVbare_loc.c:32: warning: Found unknown command '\tau'
/Users/riccardo.reho/personalcodes/LetzElPhC/src/dvloc/dVbare_loc.c:32: warning: Found unknown command '\cdot'
/Users/riccardo.reho/personalcodes/LetzElPhC/src/dvloc/dVbare_loc.c:33: warning: Found unknown command '\cdot'
/Users/riccardo.reho/personalcodes/LetzElPhC/src/dvloc/dVbare_loc.c:33: warning: Found unknown command '\tau'
<dV_add_longrange>:1: warning: argument 'Vlocr' of command @param is not found in the argument list of dV_add_longrange(const ELPH_float *qpt, struct Lattice *lattice, struct Phonon *phonon, const ELPH_float *Zvals, const ELPH_cmplx *eigVec, ELPH_cmplx *dVscf, const ND_int sign, const bool only_induced_part, const ELPH_float EcutRy, const bool *nmags_add, MPI_Comm commK)
<dV_add_longrange>:1: warning: The following parameters of dV_add_longrange(const ELPH_float *qpt, struct Lattice *lattice, struct Phonon *phonon, const ELPH_float *Zvals, const ELPH_cmplx *eigVec, ELPH_cmplx *dVscf, const ND_int sign, const bool only_induced_part, const ELPH_float EcutRy, const bool *nmags_add, MPI_Comm commK) are not documented:
  parameter 'phonon'
  parameter 'Zvals'
  parameter 'dVscf'
  parameter 'sign'
  parameter 'only_induced_part'
  parameter 'EcutRy'
  parameter 'nmags_add'
warning: Included by graph for 'elphC.h' not generated, too many nodes (76), threshold is 50. Consider increasing DOT_GRAPH_MAX_NODES.
/Users/riccardo.reho/personalcodes/LetzElPhC/README.md:10: warning: unable to resolve reference to 'building--installation' for \ref command
/Users/riccardo.reho/personalcodes/LetzElPhC/README.md:11: warning: unable to resolve reference to 'quick-start' for \ref command
/Users/riccardo.reho/personalcodes/LetzElPhC/README.md:12: warning: unable to resolve reference to 'documentation' for \ref command
/Users/riccardo.reho/personalcodes/LetzElPhC/README.md:13: warning: unable to resolve reference to 'examples' for \ref command
/Users/riccardo.reho/personalcodes/LetzElPhC/README.md:14: warning: unable to resolve reference to 'development' for \ref command
/Users/riccardo.reho/personalcodes/LetzElPhC/README.md:15: warning: unable to resolve reference to 'acknowledgments' for \ref command
/Users/riccardo.reho/personalcodes/LetzElPhC/docs/mainpage.md:22: warning: unable to resolve reference to '../../README.md' for \ref command
